04-Feb-2020 21:10:50.028 INFO [main] org.apache.catalina.startup.VersionLoggerListener.log Server version:        Apache Tomcat/9.0.10
04-Feb-2020 21:10:50.033 INFO [main] org.apache.catalina.startup.VersionLoggerListener.log Server built:          Jun 20 2018 17:32:21 UTC
04-Feb-2020 21:10:50.034 INFO [main] org.apache.catalina.startup.VersionLoggerListener.log Server number:         9.0.10.0
04-Feb-2020 21:10:50.034 INFO [main] org.apache.catalina.startup.VersionLoggerListener.log OS Name:               Windows 10
04-Feb-2020 21:10:50.034 INFO [main] org.apache.catalina.startup.VersionLoggerListener.log OS Version:            10.0
04-Feb-2020 21:10:50.036 INFO [main] org.apache.catalina.startup.VersionLoggerListener.log Architecture:          amd64
04-Feb-2020 21:10:50.036 INFO [main] org.apache.catalina.startup.VersionLoggerListener.log Java Home:             C:\Program Files\Java\jdk-13.0.2
04-Feb-2020 21:10:50.037 INFO [main] org.apache.catalina.startup.VersionLoggerListener.log JVM Version:           13.0.2+8
04-Feb-2020 21:10:50.037 INFO [main] org.apache.catalina.startup.VersionLoggerListener.log JVM Vendor:            Oracle Corporation
04-Feb-2020 21:10:50.038 INFO [main] org.apache.catalina.startup.VersionLoggerListener.log CATALINA_BASE:         D:\Chrytrium\Documents\Github\Cresendia-DevOps-Challange-1\magnolia-6.1.4\apache-tomcat-9.0.10
04-Feb-2020 21:10:50.038 INFO [main] org.apache.catalina.startup.VersionLoggerListener.log CATALINA_HOME:         D:\Chrytrium\Documents\Github\Cresendia-DevOps-Challange-1\magnolia-6.1.4\apache-tomcat-9.0.10
04-Feb-2020 21:10:50.038 INFO [main] org.apache.catalina.startup.VersionLoggerListener.log Command line argument: --add-opens=java.base/java.lang=ALL-UNNAMED
04-Feb-2020 21:10:50.039 INFO [main] org.apache.catalina.startup.VersionLoggerListener.log Command line argument: --add-opens=java.base/java.io=ALL-UNNAMED
04-Feb-2020 21:10:50.039 INFO [main] org.apache.catalina.startup.VersionLoggerListener.log Command line argument: --add-opens=java.rmi/sun.rmi.transport=ALL-UNNAMED
04-Feb-2020 21:10:50.039 INFO [main] org.apache.catalina.startup.VersionLoggerListener.log Command line argument: -Djava.util.logging.config.file=D:\Chrytrium\Documents\Github\Cresendia-DevOps-Challange-1\magnolia-6.1.4\apache-tomcat-9.0.10\conf\logging.properties
04-Feb-2020 21:10:50.040 INFO [main] org.apache.catalina.startup.VersionLoggerListener.log Command line argument: -Djava.util.logging.manager=org.apache.juli.ClassLoaderLogManager
04-Feb-2020 21:10:50.044 INFO [main] org.apache.catalina.startup.VersionLoggerListener.log Command line argument: -Djdk.tls.ephemeralDHKeySize=2048
04-Feb-2020 21:10:50.047 INFO [main] org.apache.catalina.startup.VersionLoggerListener.log Command line argument: -Djava.protocol.handler.pkgs=org.apache.catalina.webresources
04-Feb-2020 21:10:50.048 INFO [main] org.apache.catalina.startup.VersionLoggerListener.log Command line argument: -Xms64M
04-Feb-2020 21:10:50.048 INFO [main] org.apache.catalina.startup.VersionLoggerListener.log Command line argument: -Xmx2048M
04-Feb-2020 21:10:50.049 INFO [main] org.apache.catalina.startup.VersionLoggerListener.log Command line argument: -Djava.awt.headless=true
04-Feb-2020 21:10:50.049 INFO [main] org.apache.catalina.startup.VersionLoggerListener.log Command line argument: -Dignore.endorsed.dirs=
04-Feb-2020 21:10:50.049 INFO [main] org.apache.catalina.startup.VersionLoggerListener.log Command line argument: -Dcatalina.base=D:\Chrytrium\Documents\Github\Cresendia-DevOps-Challange-1\magnolia-6.1.4\apache-tomcat-9.0.10
04-Feb-2020 21:10:50.050 INFO [main] org.apache.catalina.startup.VersionLoggerListener.log Command line argument: -Dcatalina.home=D:\Chrytrium\Documents\Github\Cresendia-DevOps-Challange-1\magnolia-6.1.4\apache-tomcat-9.0.10
04-Feb-2020 21:10:50.050 INFO [main] org.apache.catalina.startup.VersionLoggerListener.log Command line argument: -Djava.io.tmpdir=D:\Chrytrium\Documents\Github\Cresendia-DevOps-Challange-1\magnolia-6.1.4\apache-tomcat-9.0.10\temp
04-Feb-2020 21:10:50.051 INFO [main] org.apache.catalina.core.AprLifecycleListener.lifecycleEvent The APR based Apache Tomcat Native library which allows optimal performance in production environments was not found on the java.library.path: [C:\Program Files\Java\jdk-13.0.2\bin;C:\WINDOWS\Sun\Java\bin;C:\WINDOWS\system32;C:\WINDOWS;C:\WINDOWS\system32;C:\WINDOWS;C:\WINDOWS\System32\Wbem;C:\WINDOWS\System32\WindowsPowerShell\v1.0\;C:\WINDOWS\System32\OpenSSH\;C:\Program Files\NVIDIA Corporation\NVIDIA NvDLISR;C:\Program Files (x86)\NVIDIA Corporation\PhysX\Common;C:\WINDOWS\system32;C:\WINDOWS;C:\WINDOWS\System32\Wbem;C:\WINDOWS\System32\WindowsPowerShell\v1.0\;C:\WINDOWS\System32\OpenSSH\;C:\Program Files\nodejs\;C:\Program Files\Microsoft VS Code\bin;C:\Program Files\Docker\Docker\resources\bin;C:\ProgramData\DockerDesktop\version-bin;C:\Program Files\Git\cmd;C:\Users\Chrytrium\AppData\Local\Microsoft\WindowsApps;C:\Program Files\Bandizip\;C:\Users\Chrytrium\AppData\Roaming\npm;C:\Users\Chrytrium\AppData\Local\GitHubDesktop\bin;.]
04-Feb-2020 21:10:50.166 INFO [main] org.apache.coyote.AbstractProtocol.init Initializing ProtocolHandler ["http-nio-8080"]
04-Feb-2020 21:10:50.662 INFO [main] org.apache.tomcat.util.net.NioSelectorPool.getSharedSelector Using a shared selector for servlet write/read
04-Feb-2020 21:10:50.676 INFO [main] org.apache.coyote.AbstractProtocol.init Initializing ProtocolHandler ["ajp-nio-8009"]
04-Feb-2020 21:10:50.682 INFO [main] org.apache.tomcat.util.net.NioSelectorPool.getSharedSelector Using a shared selector for servlet write/read
04-Feb-2020 21:10:50.683 INFO [main] org.apache.catalina.startup.Catalina.load Initialization processed in 1323 ms
04-Feb-2020 21:10:50.767 INFO [main] org.apache.catalina.core.StandardService.startInternal Starting service [Catalina]
04-Feb-2020 21:10:50.768 INFO [main] org.apache.catalina.core.StandardEngine.startInternal Starting Servlet Engine: Apache Tomcat/9.0.10
04-Feb-2020 21:10:50.789 INFO [main] org.apache.catalina.startup.HostConfig.deployDirectory Deploying web application directory [D:\Chrytrium\Documents\Github\Cresendia-DevOps-Challange-1\magnolia-6.1.4\apache-tomcat-9.0.10\webapps\magnoliaAuthor]
04-Feb-2020 21:12:29.802 WARNING [main] org.apache.catalina.util.SessionIdGeneratorBase.createSecureRandom Creation of SecureRandom instance for session ID generation using [SHA1PRNG] took [203] milliseconds.
04-Feb-2020 21:12:32.858 INFO [main] org.apache.catalina.startup.HostConfig.deployDirectory Deployment of web application directory [D:\Chrytrium\Documents\Github\Cresendia-DevOps-Challange-1\magnolia-6.1.4\apache-tomcat-9.0.10\webapps\magnoliaAuthor] has finished in [102,070] ms
04-Feb-2020 21:12:32.859 INFO [main] org.apache.catalina.startup.HostConfig.deployDirectory Deploying web application directory [D:\Chrytrium\Documents\Github\Cresendia-DevOps-Challange-1\magnolia-6.1.4\apache-tomcat-9.0.10\webapps\magnoliaPublic]
04-Feb-2020 21:14:03.051 INFO [main] org.apache.catalina.startup.HostConfig.deployDirectory Deployment of web application directory [D:\Chrytrium\Documents\Github\Cresendia-DevOps-Challange-1\magnolia-6.1.4\apache-tomcat-9.0.10\webapps\magnoliaPublic] has finished in [90,191] ms
04-Feb-2020 21:14:03.051 INFO [main] org.apache.catalina.startup.HostConfig.deployDirectory Deploying web application directory [D:\Chrytrium\Documents\Github\Cresendia-DevOps-Challange-1\magnolia-6.1.4\apache-tomcat-9.0.10\webapps\ROOT]
04-Feb-2020 21:14:03.093 INFO [main] org.apache.catalina.startup.HostConfig.deployDirectory Deployment of web application directory [D:\Chrytrium\Documents\Github\Cresendia-DevOps-Challange-1\magnolia-6.1.4\apache-tomcat-9.0.10\webapps\ROOT] has finished in [42] ms
04-Feb-2020 21:14:03.098 INFO [main] org.apache.coyote.AbstractProtocol.start Starting ProtocolHandler ["http-nio-8080"]
04-Feb-2020 21:14:03.112 INFO [main] org.apache.coyote.AbstractProtocol.start Starting ProtocolHandler ["ajp-nio-8009"]
04-Feb-2020 21:14:03.120 INFO [main] org.apache.catalina.startup.Catalina.start Server startup in 192437 ms
04-Feb-2020 21:15:28.148 INFO [main] org.apache.catalina.core.StandardServer.await A valid shutdown command was received via the shutdown port. Stopping the Server instance.
04-Feb-2020 21:15:28.149 INFO [main] org.apache.coyote.AbstractProtocol.pause Pausing ProtocolHandler ["http-nio-8080"]
04-Feb-2020 21:15:28.412 INFO [main] org.apache.coyote.AbstractProtocol.pause Pausing ProtocolHandler ["ajp-nio-8009"]
04-Feb-2020 21:15:28.658 INFO [main] org.apache.catalina.core.StandardService.stopInternal Stopping service [Catalina]
04-Feb-2020 21:15:37.199 WARNING [main] org.apache.catalina.loader.WebappClassLoaderBase.clearReferencesJdbc The web application [magnoliaAuthor] registered the JDBC driver [org.h2.Driver] but failed to unregister it when the web application was stopped. To prevent a memory leak, the JDBC Driver has been forcibly unregistered.
04-Feb-2020 21:15:37.200 WARNING [main] org.apache.catalina.loader.WebappClassLoaderBase.clearReferencesThreads The web application [magnoliaAuthor] appears to have started a thread named [FileSystemWatchService] but has failed to stop it. This is very likely to create a memory leak. Stack trace of thread:
 java.base@13.0.2/sun.nio.fs.WindowsNativeDispatcher.GetQueuedCompletionStatus0(Native Method)
 java.base@13.0.2/sun.nio.fs.WindowsNativeDispatcher.GetQueuedCompletionStatus(WindowsNativeDispatcher.java:1057)
 java.base@13.0.2/sun.nio.fs.WindowsWatchService$Poller.run(WindowsWatchService.java:587)
 java.base@13.0.2/java.lang.Thread.run(Thread.java:830)
